
C:\Users\eb\Documents\Visual Studio 2017\Projects\Revlex6\Debug\atkmm.dll
C:\Users\eb\Documents\Visual Studio 2017\Projects\Revlex6\Debug\atk-1.dll
C:\Users\eb\Documents\Visual Studio 2017\Projects\Revlex6\Debug\libintl.dll
C:\Users\eb\Documents\Visual Studio 2017\Projects\Revlex6\Debug\glib-2.dll
C:\Users\eb\Documents\Visual Studio 2017\Projects\Revlex6\Debug\pcred.dll
C:\Users\eb\Documents\Visual Studio 2017\Projects\Revlex6\Debug\libiconv.dll
C:\Users\eb\Documents\Visual Studio 2017\Projects\Revlex6\Debug\libcharset.dll
C:\Users\eb\Documents\Visual Studio 2017\Projects\Revlex6\Debug\gobject-2.dll
C:\Users\eb\Documents\Visual Studio 2017\Projects\Revlex6\Debug\libffi.dll
C:\Users\eb\Documents\Visual Studio 2017\Projects\Revlex6\Debug\glibmm.dll
C:\Users\eb\Documents\Visual Studio 2017\Projects\Revlex6\Debug\gmodule-2.dll
C:\Users\eb\Documents\Visual Studio 2017\Projects\Revlex6\Debug\sigc-2.0.dll
C:\Users\eb\Documents\Visual Studio 2017\Projects\Revlex6\Debug\gdk-3.dll
C:\Users\eb\Documents\Visual Studio 2017\Projects\Revlex6\Debug\epoxy-0.dll
C:\Users\eb\Documents\Visual Studio 2017\Projects\Revlex6\Debug\gio-2.dll
C:\Users\eb\Documents\Visual Studio 2017\Projects\Revlex6\Debug\zlibd1.dll
C:\Users\eb\Documents\Visual Studio 2017\Projects\Revlex6\Debug\cairod.dll
C:\Users\eb\Documents\Visual Studio 2017\Projects\Revlex6\Debug\libpng16d.dll
C:\Users\eb\Documents\Visual Studio 2017\Projects\Revlex6\Debug\freetyped.dll
C:\Users\eb\Documents\Visual Studio 2017\Projects\Revlex6\Debug\libbz2d.dll
C:\Users\eb\Documents\Visual Studio 2017\Projects\Revlex6\Debug\pixman-1d.dll
C:\Users\eb\Documents\Visual Studio 2017\Projects\Revlex6\Debug\fontconfig.dll
C:\Users\eb\Documents\Visual Studio 2017\Projects\Revlex6\Debug\expatd.dll
C:\Users\eb\Documents\Visual Studio 2017\Projects\Revlex6\Debug\cairo-gobjectd.dll
C:\Users\eb\Documents\Visual Studio 2017\Projects\Revlex6\Debug\pango-1.dll
C:\Users\eb\Documents\Visual Studio 2017\Projects\Revlex6\Debug\pangocairo-1.dll
C:\Users\eb\Documents\Visual Studio 2017\Projects\Revlex6\Debug\pangowin32-1.dll
C:\Users\eb\Documents\Visual Studio 2017\Projects\Revlex6\Debug\pangoft2-1.dll
C:\Users\eb\Documents\Visual Studio 2017\Projects\Revlex6\Debug\harfbuzz.dll
C:\Users\eb\Documents\Visual Studio 2017\Projects\Revlex6\Debug\gdk_pixbuf-2.dll
C:\Users\eb\Documents\Visual Studio 2017\Projects\Revlex6\Debug\gdkmm.dll
C:\Users\eb\Documents\Visual Studio 2017\Projects\Revlex6\Debug\cairomm-1.0.dll
C:\Users\eb\Documents\Visual Studio 2017\Projects\Revlex6\Debug\giomm.dll
C:\Users\eb\Documents\Visual Studio 2017\Projects\Revlex6\Debug\gtk-3.dll
C:\Users\eb\Documents\Visual Studio 2017\Projects\Revlex6\Debug\gtkmm.dll
C:\Users\eb\Documents\Visual Studio 2017\Projects\Revlex6\Debug\pangomm.dll
